android/app/build/intermediates/manifest_merge_blame_file/debug/manifest-merger-blame-debug-report.txt
1<?xml version="1.0" encoding="utf-8"?>
2<manifest xmlns:android="http://schemas.android.com/apk/res/android"
3    package="com.project"
4    android:versionCode="1"
5    android:versionName="1.0" >
6
7    <uses-sdk
8        android:minSdkVersion="21"
9        android:targetSdkVersion="31" />
10
11    <uses-permission android:name="android.permission.SYSTEM_ALERT_WINDOW" />
11-->src\debug\AndroidManifest.xml:5:5-77
11-->src\debug\AndroidManifest.xml:5:22-75
12    <uses-permission android:name="android.permission.INTERNET" />
12-->src\main\AndroidManifest.xml:4:5-67
12-->src\main\AndroidManifest.xml:4:22-64
13    <uses-permission android:name="android.permission.ACCESS_FINE_LOCATION" />
13-->src\main\AndroidManifest.xml:5:5-79
13-->src\main\AndroidManifest.xml:5:22-76
14    <uses-permission android:name="android.permission.ACCESS_WIFI_STATE" />
14-->[com.facebook.flipper:flipper:0.125.0] AndroidManifest.xml:16:5-76
14-->[com.facebook.flipper:flipper:0.125.0] AndroidManifest.xml:16:22-73
15
16    <application
16-->src\main\AndroidManifest.xml:7:5-32:19
17        android:name="com.project.MainApplication"
17-->src\main\AndroidManifest.xml:8:7-38
18        android:allowBackup="false"
18-->src\main\AndroidManifest.xml:12:7-34
19        android:appComponentFactory="androidx.core.app.CoreComponentFactory"
19-->[androidx.core:core:1.7.0] AndroidManifest.xml:24:18-86
20        android:debuggable="true"
21        android:icon="@mipmap/ic_launcher"
21-->src\main\AndroidManifest.xml:10:7-41
22        android:label="@string/app_name"
22-->src\main\AndroidManifest.xml:9:7-39
23        android:roundIcon="@mipmap/ic_launcher_round"
23-->src\main\AndroidManifest.xml:11:7-52
24        android:theme="@style/AppTheme"
24-->src\main\AndroidManifest.xml:13:7-38
25        android:usesCleartextTraffic="true" >
25-->src\debug\AndroidManifest.xml:8:9-44
26        <activity
26-->src\debug\AndroidManifest.xml:11:9-111
27            android:name="com.facebook.react.devsupport.DevSettingsActivity"
27-->src\debug\AndroidManifest.xml:11:19-83
28            android:exported="false" />
28-->src\debug\AndroidManifest.xml:11:84-108
29        <activity
29-->src\main\AndroidManifest.xml:14:7-25:18
30            android:name="com.project.MainActivity"
30-->src\main\AndroidManifest.xml:15:9-37
31            android:configChanges="keyboard|keyboardHidden|orientation|screenLayout|screenSize|smallestScreenSize|uiMode"
31-->src\main\AndroidManifest.xml:17:9-118
32            android:exported="true"
32-->src\main\AndroidManifest.xml:20:9-32
33            android:label="@string/app_name"
33-->src\main\AndroidManifest.xml:16:9-41
34            android:launchMode="singleTask"
34-->src\main\AndroidManifest.xml:18:9-40
35            android:windowSoftInputMode="adjustResize" >
35-->src\main\AndroidManifest.xml:19:9-51
36            <intent-filter>
36-->src\main\AndroidManifest.xml:21:9-24:25
37                <action android:name="android.intent.action.MAIN" />
37-->src\main\AndroidManifest.xml:22:13-65
37-->src\main\AndroidManifest.xml:22:21-62
38
39                <category android:name="android.intent.category.LAUNCHER" />
39-->src\main\AndroidManifest.xml:23:13-73
39-->src\main\AndroidManifest.xml:23:23-70
40            </intent-filter>
41        </activity> <!-- Add the Google Maps API key -->
42        <meta-data
42-->src\main\AndroidManifest.xml:28:7-30:69
43            android:name="com.google.android.geo.API_KEY"
43-->src\main\AndroidManifest.xml:29:11-56
44            android:value="AIzaSyCU18_3ekW7y7z7qVYjg-FoTQ56hUIyPxE" />
44-->src\main\AndroidManifest.xml:30:11-66
45
46        <provider
46-->[:react-native-image-picker] AndroidManifest.xml:10:9-18:20
47            android:name="com.imagepicker.ImagePickerProvider"
47-->[:react-native-image-picker] AndroidManifest.xml:11:13-63
48            android:authorities="com.project.imagepickerprovider"
48-->[:react-native-image-picker] AndroidManifest.xml:12:13-71
49            android:exported="false"
49-->[:react-native-image-picker] AndroidManifest.xml:13:13-37
50            android:grantUriPermissions="true" >
50-->[:react-native-image-picker] AndroidManifest.xml:14:13-47
51            <meta-data
51-->[:react-native-image-picker] AndroidManifest.xml:15:13-17:70
52                android:name="android.support.FILE_PROVIDER_PATHS"
52-->[:react-native-image-picker] AndroidManifest.xml:16:17-67
53                android:resource="@xml/imagepicker_provider_paths" />
53-->[:react-native-image-picker] AndroidManifest.xml:17:17-67
54        </provider>
55        <provider
55-->[androidx.emoji2:emoji2:1.0.0] AndroidManifest.xml:26:9-34:20
56            android:name="androidx.startup.InitializationProvider"
56-->[androidx.emoji2:emoji2:1.0.0] AndroidManifest.xml:27:13-67
57            android:authorities="com.project.androidx-startup"
57-->[androidx.emoji2:emoji2:1.0.0] AndroidManifest.xml:28:13-68
58            android:exported="false" >
58-->[androidx.emoji2:emoji2:1.0.0] AndroidManifest.xml:29:13-37
59            <meta-data
59-->[androidx.emoji2:emoji2:1.0.0] AndroidManifest.xml:31:13-33:52
60                android:name="androidx.emoji2.text.EmojiCompatInitializer"
60-->[androidx.emoji2:emoji2:1.0.0] AndroidManifest.xml:32:17-75
61                android:value="androidx.startup" />
61-->[androidx.emoji2:emoji2:1.0.0] AndroidManifest.xml:33:17-49
62            <meta-data
62-->[androidx.lifecycle:lifecycle-process:2.4.0] AndroidManifest.xml:31:13-33:52
63                android:name="androidx.lifecycle.ProcessLifecycleInitializer"
63-->[androidx.lifecycle:lifecycle-process:2.4.0] AndroidManifest.xml:32:17-78
64                android:value="androidx.startup" />
64-->[androidx.lifecycle:lifecycle-process:2.4.0] AndroidManifest.xml:33:17-49
65        </provider>
66    </application>
67
68</manifest>